Started GET "/" for ::1 at 2020-04-14 13:53:53 -0400
  [1m[35m (1.8ms)[0m  [1m[34mSELECT sqlite_version(*)[0m
Processing by Rails::WelcomeController#index as HTML
  Rendering /home/srodrig/.rbenv/versions/2.6.5/lib/ruby/gems/2.6.0/gems/railties-6.0.2.2/lib/rails/templates/rails/welcome/index.html.erb
  Rendered /home/srodrig/.rbenv/versions/2.6.5/lib/ruby/gems/2.6.0/gems/railties-6.0.2.2/lib/rails/templates/rails/welcome/index.html.erb (Duration: 9.7ms | Allocations: 479)
Completed 200 OK in 26ms (Views: 14.2ms | ActiveRecord: 0.0ms | Allocations: 2993)


  [1m[35m (0.5ms)[0m  [1m[34mSELECT sqlite_version(*)[0m
  [1m[35m (0.2ms)[0m  [1m[34mSELECT sqlite_version(*)[0m
  [1m[35m (106.0ms)[0m  [1m[35mCREATE TABLE "schema_migrations" ("version" varchar NOT NULL PRIMARY KEY)[0m
  [1m[35m (105.3ms)[0m  [1m[35mCREATE TABLE "ar_internal_metadata" ("key" varchar NOT NULL PRIMARY KEY, "value" varchar, "created_at" datetime(6) NOT NULL, "updated_at" datetime(6) NOT NULL)[0m
  [1m[36mActiveRecord::InternalMetadata Load (0.3ms)[0m  [1m[34mSELECT "ar_internal_metadata".* FROM "ar_internal_metadata" WHERE "ar_internal_metadata"."key" = ? LIMIT ?[0m  [["key", "environment"], ["LIMIT", 1]]
  [1m[35m (0.0ms)[0m  [1m[36mbegin transaction[0m
  [1m[36mActiveRecord::InternalMetadata Create (0.2ms)[0m  [1m[32mINSERT INTO "ar_internal_metadata" ("key", "value", "created_at", "updated_at") VALUES (?, ?, ?, ?)[0m  [["key", "environment"], ["value", "development"], ["created_at", "2020-04-14 17:59:10.227852"], ["updated_at", "2020-04-14 17:59:10.227852"]]
  [1m[35m (68.7ms)[0m  [1m[36mcommit transaction[0m
  [1m[35m (0.1ms)[0m  [1m[34mSELECT sqlite_version(*)[0m
  [1m[35m (0.1ms)[0m  [1m[34mSELECT "schema_migrations"."version" FROM "schema_migrations" ORDER BY "schema_migrations"."version" ASC[0m
Started GET "/" for ::1 at 2020-04-14 14:25:03 -0400
  [1m[35m (0.1ms)[0m  [1m[34mSELECT sqlite_version(*)[0m
Processing by PagesController#home as HTML
  Rendering pages/home.html.erb within layouts/application
  Rendered pages/home.html.erb within layouts/application (Duration: 0.5ms | Allocations: 87)
[Webpacker] Compiling...
[Webpacker] Compiled all packs in /home/srodrig/Desktop/rails/portfolio/public/packs
[Webpacker] Hash: 32e57f147dbdcbbf0c82
Version: webpack 4.42.1
Time: 619ms
Built at: 04/14/2020 2:25:06 PM
                                     Asset       Size       Chunks                         Chunk Names
    js/application-bbe9c4a129ab949e0636.js    124 KiB  application  [emitted] [immutable]  application
js/application-bbe9c4a129ab949e0636.js.map    139 KiB  application  [emitted] [dev]        application
                             manifest.json  364 bytes               [emitted]              
Entrypoint application = js/application-bbe9c4a129ab949e0636.js js/application-bbe9c4a129ab949e0636.js.map
[./app/javascript/channels sync recursive _channel\.js$] ./app/javascript/channels sync _channel\.js$ 160 bytes {application} [built]
[./app/javascript/channels/index.js] 211 bytes {application} [built]
[./app/javascript/packs/application.js] 749 bytes {application} [built]
[./node_modules/webpack/buildin/module.js] (webpack)/buildin/module.js 552 bytes {application} [built]
    + 3 hidden modules

Completed 200 OK in 2071ms (Views: 2069.0ms | ActiveRecord: 0.0ms | Allocations: 17328)


